[
  {
    "level": "INFO",
    "message": "android.ndkVersion from module build.gradle is 21.3.6528147"
  },
  {
    "level": "INFO",
    "message": "ndk.dir in local.properties is not set"
  },
  {
    "level": "INFO",
    "message": "ANDROID_NDK_HOME environment variable is not set"
  },
  {
    "level": "INFO",
    "message": "sdkFolder is C:\\Users\\Shin\\AppData\\Local\\Android\\Sdk"
  },
  {
    "level": "INFO",
    "message": "Considering C:\\Users\\Shin\\AppData\\Local\\Android\\Sdk\\ndk-bundle in SDK ndk-bundle folder"
  },
  {
    "level": "INFO",
    "message": "Considering C:\\Users\\Shin\\AppData\\Local\\Android\\Sdk\\ndk\\21.0.6113669 in SDK ndk folder"
  },
  {
    "level": "INFO",
    "message": "Considering C:\\Users\\Shin\\AppData\\Local\\Android\\Sdk\\ndk\\21.3.6528147 in SDK ndk folder"
  },
  {
    "level": "INFO",
    "message": "Found 2 NDK folders that matched requested version 21.3.6528147:"
  },
  {
    "level": "INFO",
    "message": " (1) C:\\Users\\Shin\\AppData\\Local\\Android\\Sdk\\ndk\\21.3.6528147 in SDK ndk folder"
  },
  {
    "level": "INFO",
    "message": " (2) C:\\Users\\Shin\\AppData\\Local\\Android\\Sdk\\ndk-bundle in SDK ndk-bundle folder"
  },
  {
    "level": "INFO",
    "message": "  choosing C:\\Users\\Shin\\AppData\\Local\\Android\\Sdk\\ndk\\21.3.6528147"
  }
]