[
  {
    "level": "INFO",
    "message": "android.ndkVersion from module build.gradle is 21.3.6528147"
  },
  {
    "level": "INFO",
    "message": "ndk.dir in local.properties is C:\\Users\\Shin\\AppData\\Local\\Android\\Sdk\\ndk\\21.3.6528147"
  },
  {
    "level": "INFO",
    "message": "ANDROID_NDK_HOME environment variable is not set"
  },
  {
    "level": "INFO",
    "message": "sdkFolder is C:\\Users\\Shin\\AppData\\Local\\Android\\Sdk"
  },
  {
    "level": "INFO",
    "message": "Considering C:\\Users\\Shin\\AppData\\Local\\Android\\Sdk\\ndk\\21.3.6528147 by ndk.dir"
  },
  {
    "level": "INFO",
    "message": "Considering C:\\Users\\Shin\\AppData\\Local\\Android\\Sdk\\ndk-bundle in SDK ndk-bundle folder"
  },
  {
    "level": "INFO",
    "message": "Considering C:\\Users\\Shin\\AppData\\Local\\Android\\Sdk\\ndk\\21.0.6113669 in SDK ndk folder"
  },
  {
    "level": "INFO",
    "message": "Considering C:\\Users\\Shin\\AppData\\Local\\Android\\Sdk\\ndk\\21.3.6528147 in SDK ndk folder"
  },
  {
    "level": "INFO",
    "message": "Choosing C:\\Users\\Shin\\AppData\\Local\\Android\\Sdk\\ndk\\21.3.6528147 from ndk.dir which had the requested version 21.3.6528147"
  }
]